<?xml version="1.0" encoding="UTF-8"?>
<!-- Generated by org.testng.reporters.JUnitReportReporter -->
<testsuite hostname="bidigipchopra81.users.sphinet.com.sg" name="com.sph.runners.RunCukesTestInWeb" tests="1" failures="0" timestamp="19 Mar 2019 02:45:34 GMT" time="27.693" errors="0">
  <testcase name="Tests Chrome browser in SeeTest - feature - chrome v:73.0.3683.75 MAC" time="27.693" classname="com.sph.runners.RunCukesTestInWeb"/>
</testsuite> <!-- com.sph.runners.RunCukesTestInWeb -->
